
module.js:340
    throw err;
          ^
Error: Cannot find module '/bin/www'
    at Function.Module._resolveFilename (module.js:338:15)
    at Function.Module._load (module.js:280:25)
    at Function.Module.runMain (module.js:497:10)
    at startup (node.js:119:16)
    at node.js:935:3

module.js:340
    throw err;
          ^
Error: Cannot find module '/bin/www'
    at Function.Module._resolveFilename (module.js:338:15)
    at Function.Module._load (module.js:280:25)
    at Function.Module.runMain (module.js:497:10)
    at startup (node.js:119:16)
    at node.js:935:3
internal/modules/cjs/loader.js:573
    throw err;
    ^

Error: Cannot find module '/bin/www'
    at Function.Module._resolveFilename (internal/modules/cjs/loader.js:571:15)
    at Function.Module._load (internal/modules/cjs/loader.js:497:25)
    at Function.Module.runMain (internal/modules/cjs/loader.js:719:10)
    at startup (internal/bootstrap/node.js:228:19)
    at bootstrapNodeJSCore (internal/bootstrap/node.js:576:3)
